<?xml version="1.0" encoding="UTF-8"?>
<!-- Generated by org.testng.reporters.JUnitReportReporter -->
<testsuite skipped="0" hostname="LAPTOP-Q06Q743C" name="test.AdminTest" tests="1" failures="0" timestamp="2020-12-07T20:00:54 IST" time="17.284" errors="0">
  <testcase name="validateEditBookDetails" time="17.284" classname="test.AdminTest"/>
  <system-out/>
</testsuite> <!-- test.AdminTest -->
